0 info it worked if it ends with ok
1 verbose cli [ 'C:\\Program Files\\nodejs\\node.exe',
1 verbose cli   'C:\\Program Files\\nodejs\\node_modules\\npm\\bin\\npm-cli.js',
1 verbose cli   'run',
1 verbose cli   'dev' ]
2 info using npm@3.10.10
3 info using node@v6.10.0
4 verbose run-script [ 'predev', 'dev', 'postdev' ]
5 info lifecycle graduation@0.0.2~predev: graduation@0.0.2
6 silly lifecycle graduation@0.0.2~predev: no script for predev, continuing
7 info lifecycle graduation@0.0.2~dev: graduation@0.0.2
8 verbose lifecycle graduation@0.0.2~dev: unsafe-perm in lifecycle true
9 verbose lifecycle graduation@0.0.2~dev: PATH: C:\Program Files\nodejs\node_modules\npm\bin\node-gyp-bin;C:\Users\mayn\Desktop\graduation-mapp\graduation\node_modules\.bin;C:\WINDOWS\system32;C:\WINDOWS;C:\WINDOWS\System32\Wbem;C:\WINDOWS\System32\WindowsPowerShell\v1.0\;C:\Program Files (x86)\Common Files\microsoft shared\TigerKin;C:\Program Files\nodejs\;C:\Program Files\Git\cmd;C:\WINDOWS\System32\OpenSSH\;C:\Users\mayn\AppData\Local\Programs\Python\Python36\Scripts\;C:\Users\mayn\AppData\Local\Programs\Python\Python36\;C:\Users\mayn\AppData\Local\Microsoft\WindowsApps;C:\Users\mayn\AppData\Roaming\npm;D:\Microsoft VS Code\bin
10 verbose lifecycle graduation@0.0.2~dev: CWD: C:\Users\mayn\Desktop\graduation-mapp\graduation
11 silly lifecycle graduation@0.0.2~dev: Args: [ '/d /s /c', 'wepy build --watch' ]
12 silly lifecycle graduation@0.0.2~dev: Returned: code: 3221225786  signal: null
13 info lifecycle graduation@0.0.2~dev: Failed to exec dev script
14 verbose stack Error: graduation@0.0.2 dev: `wepy build --watch`
14 verbose stack Exit status 3221225786
14 verbose stack     at EventEmitter.<anonymous> (C:\Program Files\nodejs\node_modules\npm\lib\utils\lifecycle.js:255:16)
14 verbose stack     at emitTwo (events.js:106:13)
14 verbose stack     at EventEmitter.emit (events.js:191:7)
14 verbose stack     at ChildProcess.<anonymous> (C:\Program Files\nodejs\node_modules\npm\lib\utils\spawn.js:40:14)
14 verbose stack     at emitTwo (events.js:106:13)
14 verbose stack     at ChildProcess.emit (events.js:191:7)
14 verbose stack     at maybeClose (internal/child_process.js:877:16)
14 verbose stack     at Process.ChildProcess._handle.onexit (internal/child_process.js:226:5)
15 verbose pkgid graduation@0.0.2
16 verbose cwd C:\Users\mayn\Desktop\graduation-mapp\graduation
17 error Windows_NT 10.0.17134
18 error argv "C:\\Program Files\\nodejs\\node.exe" "C:\\Program Files\\nodejs\\node_modules\\npm\\bin\\npm-cli.js" "run" "dev"
19 error node v6.10.0
20 error npm  v3.10.10
21 error code ELIFECYCLE
22 error graduation@0.0.2 dev: `wepy build --watch`
22 error Exit status 3221225786
23 error Failed at the graduation@0.0.2 dev script 'wepy build --watch'.
23 error Make sure you have the latest version of node.js and npm installed.
23 error If you do, this is most likely a problem with the graduation package,
23 error not with npm itself.
23 error Tell the author that this fails on your system:
23 error     wepy build --watch
23 error You can get information on how to open an issue for this project with:
23 error     npm bugs graduation
23 error Or if that isn't available, you can get their info via:
23 error     npm owner ls graduation
23 error There is likely additional logging output above.
24 verbose exit [ 1, true ]
